The system is: Linux - 3.10.10-1-ARCH - x86_64
Compiling the C compiler identification source file "CMakeCCompilerId.c" succeeded.
Compiler: /usr/bin/cc 
Build flags: 
Id flags: 

The output was:
0


Compilation of the C compiler identification source "CMakeCCompilerId.c" produced "a.out"

The C compiler identification is GNU, found in "/home/andrew/Dropbox/School/rcos/dr-vis/dynamorio/build/CMakeFiles/2.8.11.2/CompilerIdC/a.out"

Determining if the C compiler works passed with the following output:
Change Dir: /home/andrew/Dropbox/School/rcos/dr-vis/dynamorio/build/CMakeFiles/CMakeTmp

Run Build Command:/usr/bin/make "cmTryCompileExec683588658/fast"
/usr/bin/make -f CMakeFiles/cmTryCompileExec683588658.dir/build.make CMakeFiles/cmTryCompileExec683588658.dir/build
make[1]: Entering directory `/home/andrew/Dropbox/School/rcos/dr-vis/dynamorio/build/CMakeFiles/CMakeTmp'
/usr/bin/cmake -E cmake_progress_report /home/andrew/Dropbox/School/rcos/dr-vis/dynamorio/build/CMakeFiles/CMakeTmp/CMakeFiles 1
Building C object CMakeFiles/cmTryCompileExec683588658.dir/testCCompiler.c.o
/usr/bin/cc    -o CMakeFiles/cmTryCompileExec683588658.dir/testCCompiler.c.o   -c /home/andrew/Dropbox/School/rcos/dr-vis/dynamorio/build/CMakeFiles/CMakeTmp/testCCompiler.c
Linking C executable cmTryCompileExec683588658
/usr/bin/cmake -E cmake_link_script CMakeFiles/cmTryCompileExec683588658.dir/link.txt --verbose=1
/usr/bin/cc         CMakeFiles/cmTryCompileExec683588658.dir/testCCompiler.c.o  -o cmTryCompileExec683588658 -rdynamic 
make[1]: Leaving directory `/home/andrew/Dropbox/School/rcos/dr-vis/dynamorio/build/CMakeFiles/CMakeTmp'


Detecting C compiler ABI info compiled with the following output:
Change Dir: /home/andrew/Dropbox/School/rcos/dr-vis/dynamorio/build/CMakeFiles/CMakeTmp

Run Build Command:/usr/bin/make "cmTryCompileExec923042138/fast"
/usr/bin/make -f CMakeFiles/cmTryCompileExec923042138.dir/build.make CMakeFiles/cmTryCompileExec923042138.dir/build
make[1]: Entering directory `/home/andrew/Dropbox/School/rcos/dr-vis/dynamorio/build/CMakeFiles/CMakeTmp'
/usr/bin/cmake -E cmake_progress_report /home/andrew/Dropbox/School/rcos/dr-vis/dynamorio/build/CMakeFiles/CMakeTmp/CMakeFiles 1
Building C object CMakeFiles/cmTryCompileExec923042138.dir/CMakeCCompilerABI.c.o
/usr/bin/cc    -o CMakeFiles/cmTryCompileExec923042138.dir/CMakeCCompilerABI.c.o   -c /usr/share/cmake-2.8/Modules/CMakeCCompilerABI.c
Linking C executable cmTryCompileExec923042138
/usr/bin/cmake -E cmake_link_script CMakeFiles/cmTryCompileExec923042138.dir/link.txt --verbose=1
/usr/bin/cc       -v CMakeFiles/cmTryCompileExec923042138.dir/CMakeCCompilerABI.c.o  -o cmTryCompileExec923042138 -rdynamic  
Using built-in specs.
COLLECT_GCC=/usr/bin/cc
COLLECT_LTO_WRAPPER=/usr/lib/gcc/x86_64-unknown-linux-gnu/4.8.1/lto-wrapper
Target: x86_64-unknown-linux-gnu
Configured with: /build/gcc-multilib/src/gcc-4.8-20130725/configure --prefix=/usr --libdir=/usr/lib --libexecdir=/usr/lib --mandir=/usr/share/man --infodir=/usr/share/info --with-bugurl=https://bugs.archlinux.org/ --enable-languages=c,c++,ada,fortran,go,lto,objc,obj-c++ --enable-shared --enable-threads=posix --with-system-zlib --enable-__cxa_atexit --disable-libunwind-exceptions --enable-clocale=gnu --disable-libstdcxx-pch --enable-gnu-unique-object --enable-linker-build-id --enable-cloog-backend=isl --disable-cloog-version-check --enable-lto --enable-gold --enable-ld=default --enable-plugin --with-plugin-ld=ld.gold --with-linker-hash-style=gnu --disable-install-libiberty --enable-multilib --disable-libssp --disable-werror --enable-checking=release
Thread model: posix
gcc version 4.8.1 20130725 (prerelease) (GCC) 
COMPILER_PATH=/usr/lib/gcc/x86_64-unknown-linux-gnu/4.8.1/:/usr/lib/gcc/x86_64-unknown-linux-gnu/4.8.1/:/usr/lib/gcc/x86_64-unknown-linux-gnu/:/usr/lib/gcc/x86_64-unknown-linux-gnu/4.8.1/:/usr/lib/gcc/x86_64-unknown-linux-gnu/
LIBRARY_PATH=/usr/lib/gcc/x86_64-unknown-linux-gnu/4.8.1/:/usr/lib/gcc/x86_64-unknown-linux-gnu/4.8.1/../../../../lib/:/lib/../lib/:/usr/lib/../lib/:/usr/lib/gcc/x86_64-unknown-linux-gnu/4.8.1/../../../:/lib/:/usr/lib/
COLLECT_GCC_OPTIONS='-v' '-o' 'cmTryCompileExec923042138' '-rdynamic' '-mtune=generic' '-march=x86-64'
 /usr/lib/gcc/x86_64-unknown-linux-gnu/4.8.1/collect2 --build-id --eh-frame-hdr --hash-style=gnu -m elf_x86_64 -export-dynamic -dynamic-linker /lib64/ld-linux-x86-64.so.2 -o cmTryCompileExec923042138 /usr/lib/gcc/x86_64-unknown-linux-gnu/4.8.1/../../../../lib/crt1.o /usr/lib/gcc/x86_64-unknown-linux-gnu/4.8.1/../../../../lib/crti.o /usr/lib/gcc/x86_64-unknown-linux-gnu/4.8.1/crtbegin.o -L/usr/lib/gcc/x86_64-unknown-linux-gnu/4.8.1 -L/usr/lib/gcc/x86_64-unknown-linux-gnu/4.8.1/../../../../lib -L/lib/../lib -L/usr/lib/../lib -L/usr/lib/gcc/x86_64-unknown-linux-gnu/4.8.1/../../.. CMakeFiles/cmTryCompileExec923042138.dir/CMakeCCompilerABI.c.o -lgcc --as-needed -lgcc_s --no-as-needed -lc -lgcc --as-needed -lgcc_s --no-as-needed /usr/lib/gcc/x86_64-unknown-linux-gnu/4.8.1/crtend.o /usr/lib/gcc/x86_64-unknown-linux-gnu/4.8.1/../../../../lib/crtn.o
make[1]: Leaving directory `/home/andrew/Dropbox/School/rcos/dr-vis/dynamorio/build/CMakeFiles/CMakeTmp'


Parsed C implicit link information from above output:
  link line regex: [^( *|.*[/\])(ld|ld|collect2)[^/\]*( |$)]
  ignore line: [Change Dir: /home/andrew/Dropbox/School/rcos/dr-vis/dynamorio/build/CMakeFiles/CMakeTmp]
  ignore line: []
  ignore line: [Run Build Command:/usr/bin/make "cmTryCompileExec923042138/fast"]
  ignore line: [/usr/bin/make -f CMakeFiles/cmTryCompileExec923042138.dir/build.make CMakeFiles/cmTryCompileExec923042138.dir/build]
  ignore line: [make[1]: Entering directory `/home/andrew/Dropbox/School/rcos/dr-vis/dynamorio/build/CMakeFiles/CMakeTmp']
  ignore line: [/usr/bin/cmake -E cmake_progress_report /home/andrew/Dropbox/School/rcos/dr-vis/dynamorio/build/CMakeFiles/CMakeTmp/CMakeFiles 1]
  ignore line: [Building C object CMakeFiles/cmTryCompileExec923042138.dir/CMakeCCompilerABI.c.o]
  ignore line: [/usr/bin/cc    -o CMakeFiles/cmTryCompileExec923042138.dir/CMakeCCompilerABI.c.o   -c /usr/share/cmake-2.8/Modules/CMakeCCompilerABI.c]
  ignore line: [Linking C executable cmTryCompileExec923042138]
  ignore line: [/usr/bin/cmake -E cmake_link_script CMakeFiles/cmTryCompileExec923042138.dir/link.txt --verbose=1]
  ignore line: [/usr/bin/cc       -v CMakeFiles/cmTryCompileExec923042138.dir/CMakeCCompilerABI.c.o  -o cmTryCompileExec923042138 -rdynamic  ]
  ignore line: [Using built-in specs.]
  ignore line: [COLLECT_GCC=/usr/bin/cc]
  ignore line: [COLLECT_LTO_WRAPPER=/usr/lib/gcc/x86_64-unknown-linux-gnu/4.8.1/lto-wrapper]
  ignore line: [Target: x86_64-unknown-linux-gnu]
  ignore line: [Configured with: /build/gcc-multilib/src/gcc-4.8-20130725/configure --prefix=/usr --libdir=/usr/lib --libexecdir=/usr/lib --mandir=/usr/share/man --infodir=/usr/share/info --with-bugurl=https://bugs.archlinux.org/ --enable-languages=c,c++,ada,fortran,go,lto,objc,obj-c++ --enable-shared --enable-threads=posix --with-system-zlib --enable-__cxa_atexit --disable-libunwind-exceptions --enable-clocale=gnu --disable-libstdcxx-pch --enable-gnu-unique-object --enable-linker-build-id --enable-cloog-backend=isl --disable-cloog-version-check --enable-lto --enable-gold --enable-ld=default --enable-plugin --with-plugin-ld=ld.gold --with-linker-hash-style=gnu --disable-install-libiberty --enable-multilib --disable-libssp --disable-werror --enable-checking=release]
  ignore line: [Thread model: posix]
  ignore line: [gcc version 4.8.1 20130725 (prerelease) (GCC) ]
  ignore line: [COMPILER_PATH=/usr/lib/gcc/x86_64-unknown-linux-gnu/4.8.1/:/usr/lib/gcc/x86_64-unknown-linux-gnu/4.8.1/:/usr/lib/gcc/x86_64-unknown-linux-gnu/:/usr/lib/gcc/x86_64-unknown-linux-gnu/4.8.1/:/usr/lib/gcc/x86_64-unknown-linux-gnu/]
  ignore line: [LIBRARY_PATH=/usr/lib/gcc/x86_64-unknown-linux-gnu/4.8.1/:/usr/lib/gcc/x86_64-unknown-linux-gnu/4.8.1/../../../../lib/:/lib/../lib/:/usr/lib/../lib/:/usr/lib/gcc/x86_64-unknown-linux-gnu/4.8.1/../../../:/lib/:/usr/lib/]
  ignore line: [COLLECT_GCC_OPTIONS='-v' '-o' 'cmTryCompileExec923042138' '-rdynamic' '-mtune=generic' '-march=x86-64']
  link line: [ /usr/lib/gcc/x86_64-unknown-linux-gnu/4.8.1/collect2 --build-id --eh-frame-hdr --hash-style=gnu -m elf_x86_64 -export-dynamic -dynamic-linker /lib64/ld-linux-x86-64.so.2 -o cmTryCompileExec923042138 /usr/lib/gcc/x86_64-unknown-linux-gnu/4.8.1/../../../../lib/crt1.o /usr/lib/gcc/x86_64-unknown-linux-gnu/4.8.1/../../../../lib/crti.o /usr/lib/gcc/x86_64-unknown-linux-gnu/4.8.1/crtbegin.o -L/usr/lib/gcc/x86_64-unknown-linux-gnu/4.8.1 -L/usr/lib/gcc/x86_64-unknown-linux-gnu/4.8.1/../../../../lib -L/lib/../lib -L/usr/lib/../lib -L/usr/lib/gcc/x86_64-unknown-linux-gnu/4.8.1/../../.. CMakeFiles/cmTryCompileExec923042138.dir/CMakeCCompilerABI.c.o -lgcc --as-needed -lgcc_s --no-as-needed -lc -lgcc --as-needed -lgcc_s --no-as-needed /usr/lib/gcc/x86_64-unknown-linux-gnu/4.8.1/crtend.o /usr/lib/gcc/x86_64-unknown-linux-gnu/4.8.1/../../../../lib/crtn.o]
    arg [/usr/lib/gcc/x86_64-unknown-linux-gnu/4.8.1/collect2] ==> ignore
    arg [--build-id] ==> ignore
    arg [--eh-frame-hdr] ==> ignore
    arg [--hash-style=gnu] ==> ignore
    arg [-m] ==> ignore
    arg [elf_x86_64] ==> ignore
    arg [-export-dynamic] ==> ignore
    arg [-dynamic-linker] ==> ignore
    arg [/lib64/ld-linux-x86-64.so.2] ==> ignore
    arg [-o] ==> ignore
    arg [cmTryCompileExec923042138] ==> ignore
    arg [/usr/lib/gcc/x86_64-unknown-linux-gnu/4.8.1/../../../../lib/crt1.o] ==> ignore
    arg [/usr/lib/gcc/x86_64-unknown-linux-gnu/4.8.1/../../../../lib/crti.o] ==> ignore
    arg [/usr/lib/gcc/x86_64-unknown-linux-gnu/4.8.1/crtbegin.o] ==> ignore
    arg [-L/usr/lib/gcc/x86_64-unknown-linux-gnu/4.8.1] ==> dir [/usr/lib/gcc/x86_64-unknown-linux-gnu/4.8.1]
    arg [-L/usr/lib/gcc/x86_64-unknown-linux-gnu/4.8.1/../../../../lib] ==> dir [/usr/lib/gcc/x86_64-unknown-linux-gnu/4.8.1/../../../../lib]
    arg [-L/lib/../lib] ==> dir [/lib/../lib]
    arg [-L/usr/lib/../lib] ==> dir [/usr/lib/../lib]
    arg [-L/usr/lib/gcc/x86_64-unknown-linux-gnu/4.8.1/../../..] ==> dir [/usr/lib/gcc/x86_64-unknown-linux-gnu/4.8.1/../../..]
    arg [CMakeFiles/cmTryCompileExec923042138.dir/CMakeCCompilerABI.c.o] ==> ignore
    arg [-lgcc] ==> lib [gcc]
    arg [--as-needed] ==> ignore
    arg [-lgcc_s] ==> lib [gcc_s]
    arg [--no-as-needed] ==> ignore
    arg [-lc] ==> lib [c]
    arg [-lgcc] ==> lib [gcc]
    arg [--as-needed] ==> ignore
    arg [-lgcc_s] ==> lib [gcc_s]
    arg [--no-as-needed] ==> ignore
    arg [/usr/lib/gcc/x86_64-unknown-linux-gnu/4.8.1/crtend.o] ==> ignore
    arg [/usr/lib/gcc/x86_64-unknown-linux-gnu/4.8.1/../../../../lib/crtn.o] ==> ignore
  remove lib [gcc]
  remove lib [gcc_s]
  remove lib [gcc]
  remove lib [gcc_s]
  collapse library dir [/usr/lib/gcc/x86_64-unknown-linux-gnu/4.8.1] ==> [/usr/lib/gcc/x86_64-unknown-linux-gnu/4.8.1]
  collapse library dir [/usr/lib/gcc/x86_64-unknown-linux-gnu/4.8.1/../../../../lib] ==> [/usr/lib]
  collapse library dir [/lib/../lib] ==> [/lib]
  collapse library dir [/usr/lib/../lib] ==> [/usr/lib]
  collapse library dir [/usr/lib/gcc/x86_64-unknown-linux-gnu/4.8.1/../../..] ==> [/usr/lib]
  implicit libs: [c]
  implicit dirs: [/usr/lib/gcc/x86_64-unknown-linux-gnu/4.8.1;/usr/lib;/lib]
  implicit fwks: []


Compiling the CXX compiler identification source file "CMakeCXXCompilerId.cpp" succeeded.
Compiler: /usr/bin/c++ 
Build flags: 
Id flags: 

The output was:
0


Compilation of the CXX compiler identification source "CMakeCXXCompilerId.cpp" produced "a.out"

The CXX compiler identification is GNU, found in "/home/andrew/Dropbox/School/rcos/dr-vis/dynamorio/build/CMakeFiles/2.8.11.2/CompilerIdCXX/a.out"

Determining if the CXX compiler works passed with the following output:
Change Dir: /home/andrew/Dropbox/School/rcos/dr-vis/dynamorio/build/CMakeFiles/CMakeTmp

Run Build Command:/usr/bin/make "cmTryCompileExec1731976671/fast"
/usr/bin/make -f CMakeFiles/cmTryCompileExec1731976671.dir/build.make CMakeFiles/cmTryCompileExec1731976671.dir/build
make[1]: Entering directory `/home/andrew/Dropbox/School/rcos/dr-vis/dynamorio/build/CMakeFiles/CMakeTmp'
/usr/bin/cmake -E cmake_progress_report /home/andrew/Dropbox/School/rcos/dr-vis/dynamorio/build/CMakeFiles/CMakeTmp/CMakeFiles 1
Building CXX object CMakeFiles/cmTryCompileExec1731976671.dir/testCXXCompiler.cxx.o
/usr/bin/c++     -o CMakeFiles/cmTryCompileExec1731976671.dir/testCXXCompiler.cxx.o -c /home/andrew/Dropbox/School/rcos/dr-vis/dynamorio/build/CMakeFiles/CMakeTmp/testCXXCompiler.cxx
Linking CXX executable cmTryCompileExec1731976671
/usr/bin/cmake -E cmake_link_script CMakeFiles/cmTryCompileExec1731976671.dir/link.txt --verbose=1
/usr/bin/c++          CMakeFiles/cmTryCompileExec1731976671.dir/testCXXCompiler.cxx.o  -o cmTryCompileExec1731976671 -rdynamic 
make[1]: Leaving directory `/home/andrew/Dropbox/School/rcos/dr-vis/dynamorio/build/CMakeFiles/CMakeTmp'


Detecting CXX compiler ABI info compiled with the following output:
Change Dir: /home/andrew/Dropbox/School/rcos/dr-vis/dynamorio/build/CMakeFiles/CMakeTmp

Run Build Command:/usr/bin/make "cmTryCompileExec3550208022/fast"
/usr/bin/make -f CMakeFiles/cmTryCompileExec3550208022.dir/build.make CMakeFiles/cmTryCompileExec3550208022.dir/build
make[1]: Entering directory `/home/andrew/Dropbox/School/rcos/dr-vis/dynamorio/build/CMakeFiles/CMakeTmp'
/usr/bin/cmake -E cmake_progress_report /home/andrew/Dropbox/School/rcos/dr-vis/dynamorio/build/CMakeFiles/CMakeTmp/CMakeFiles 1
Building CXX object CMakeFiles/cmTryCompileExec3550208022.dir/CMakeCXXCompilerABI.cpp.o
/usr/bin/c++     -o CMakeFiles/cmTryCompileExec3550208022.dir/CMakeCXXCompilerABI.cpp.o -c /usr/share/cmake-2.8/Modules/CMakeCXXCompilerABI.cpp
Linking CXX executable cmTryCompileExec3550208022
/usr/bin/cmake -E cmake_link_script CMakeFiles/cmTryCompileExec3550208022.dir/link.txt --verbose=1
/usr/bin/c++        -v CMakeFiles/cmTryCompileExec3550208022.dir/CMakeCXXCompilerABI.cpp.o  -o cmTryCompileExec3550208022 -rdynamic  
Using built-in specs.
COLLECT_GCC=/usr/bin/c++
COLLECT_LTO_WRAPPER=/usr/lib/gcc/x86_64-unknown-linux-gnu/4.8.1/lto-wrapper
Target: x86_64-unknown-linux-gnu
Configured with: /build/gcc-multilib/src/gcc-4.8-20130725/configure --prefix=/usr --libdir=/usr/lib --libexecdir=/usr/lib --mandir=/usr/share/man --infodir=/usr/share/info --with-bugurl=https://bugs.archlinux.org/ --enable-languages=c,c++,ada,fortran,go,lto,objc,obj-c++ --enable-shared --enable-threads=posix --with-system-zlib --enable-__cxa_atexit --disable-libunwind-exceptions --enable-clocale=gnu --disable-libstdcxx-pch --enable-gnu-unique-object --enable-linker-build-id --enable-cloog-backend=isl --disable-cloog-version-check --enable-lto --enable-gold --enable-ld=default --enable-plugin --with-plugin-ld=ld.gold --with-linker-hash-style=gnu --disable-install-libiberty --enable-multilib --disable-libssp --disable-werror --enable-checking=release
Thread model: posix
gcc version 4.8.1 20130725 (prerelease) (GCC) 
COMPILER_PATH=/usr/lib/gcc/x86_64-unknown-linux-gnu/4.8.1/:/usr/lib/gcc/x86_64-unknown-linux-gnu/4.8.1/:/usr/lib/gcc/x86_64-unknown-linux-gnu/:/usr/lib/gcc/x86_64-unknown-linux-gnu/4.8.1/:/usr/lib/gcc/x86_64-unknown-linux-gnu/
LIBRARY_PATH=/usr/lib/gcc/x86_64-unknown-linux-gnu/4.8.1/:/usr/lib/gcc/x86_64-unknown-linux-gnu/4.8.1/../../../../lib/:/lib/../lib/:/usr/lib/../lib/:/usr/lib/gcc/x86_64-unknown-linux-gnu/4.8.1/../../../:/lib/:/usr/lib/
COLLECT_GCC_OPTIONS='-v' '-o' 'cmTryCompileExec3550208022' '-rdynamic' '-shared-libgcc' '-mtune=generic' '-march=x86-64'
 /usr/lib/gcc/x86_64-unknown-linux-gnu/4.8.1/collect2 --build-id --eh-frame-hdr --hash-style=gnu -m elf_x86_64 -export-dynamic -dynamic-linker /lib64/ld-linux-x86-64.so.2 -o cmTryCompileExec3550208022 /usr/lib/gcc/x86_64-unknown-linux-gnu/4.8.1/../../../../lib/crt1.o /usr/lib/gcc/x86_64-unknown-linux-gnu/4.8.1/../../../../lib/crti.o /usr/lib/gcc/x86_64-unknown-linux-gnu/4.8.1/crtbegin.o -L/usr/lib/gcc/x86_64-unknown-linux-gnu/4.8.1 -L/usr/lib/gcc/x86_64-unknown-linux-gnu/4.8.1/../../../../lib -L/lib/../lib -L/usr/lib/../lib -L/usr/lib/gcc/x86_64-unknown-linux-gnu/4.8.1/../../.. CMakeFiles/cmTryCompileExec3550208022.dir/CMakeCXXCompilerABI.cpp.o -lstdc++ -lm -lgcc_s -lgcc -lc -lgcc_s -lgcc /usr/lib/gcc/x86_64-unknown-linux-gnu/4.8.1/crtend.o /usr/lib/gcc/x86_64-unknown-linux-gnu/4.8.1/../../../../lib/crtn.o
make[1]: Leaving directory `/home/andrew/Dropbox/School/rcos/dr-vis/dynamorio/build/CMakeFiles/CMakeTmp'


Parsed CXX implicit link information from above output:
  link line regex: [^( *|.*[/\])(ld|ld|collect2)[^/\]*( |$)]
  ignore line: [Change Dir: /home/andrew/Dropbox/School/rcos/dr-vis/dynamorio/build/CMakeFiles/CMakeTmp]
  ignore line: []
  ignore line: [Run Build Command:/usr/bin/make "cmTryCompileExec3550208022/fast"]
  ignore line: [/usr/bin/make -f CMakeFiles/cmTryCompileExec3550208022.dir/build.make CMakeFiles/cmTryCompileExec3550208022.dir/build]
  ignore line: [make[1]: Entering directory `/home/andrew/Dropbox/School/rcos/dr-vis/dynamorio/build/CMakeFiles/CMakeTmp']
  ignore line: [/usr/bin/cmake -E cmake_progress_report /home/andrew/Dropbox/School/rcos/dr-vis/dynamorio/build/CMakeFiles/CMakeTmp/CMakeFiles 1]
  ignore line: [Building CXX object CMakeFiles/cmTryCompileExec3550208022.dir/CMakeCXXCompilerABI.cpp.o]
  ignore line: [/usr/bin/c++     -o CMakeFiles/cmTryCompileExec3550208022.dir/CMakeCXXCompilerABI.cpp.o -c /usr/share/cmake-2.8/Modules/CMakeCXXCompilerABI.cpp]
  ignore line: [Linking CXX executable cmTryCompileExec3550208022]
  ignore line: [/usr/bin/cmake -E cmake_link_script CMakeFiles/cmTryCompileExec3550208022.dir/link.txt --verbose=1]
  ignore line: [/usr/bin/c++        -v CMakeFiles/cmTryCompileExec3550208022.dir/CMakeCXXCompilerABI.cpp.o  -o cmTryCompileExec3550208022 -rdynamic  ]
  ignore line: [Using built-in specs.]
  ignore line: [COLLECT_GCC=/usr/bin/c++]
  ignore line: [COLLECT_LTO_WRAPPER=/usr/lib/gcc/x86_64-unknown-linux-gnu/4.8.1/lto-wrapper]
  ignore line: [Target: x86_64-unknown-linux-gnu]
  ignore line: [Configured with: /build/gcc-multilib/src/gcc-4.8-20130725/configure --prefix=/usr --libdir=/usr/lib --libexecdir=/usr/lib --mandir=/usr/share/man --infodir=/usr/share/info --with-bugurl=https://bugs.archlinux.org/ --enable-languages=c,c++,ada,fortran,go,lto,objc,obj-c++ --enable-shared --enable-threads=posix --with-system-zlib --enable-__cxa_atexit --disable-libunwind-exceptions --enable-clocale=gnu --disable-libstdcxx-pch --enable-gnu-unique-object --enable-linker-build-id --enable-cloog-backend=isl --disable-cloog-version-check --enable-lto --enable-gold --enable-ld=default --enable-plugin --with-plugin-ld=ld.gold --with-linker-hash-style=gnu --disable-install-libiberty --enable-multilib --disable-libssp --disable-werror --enable-checking=release]
  ignore line: [Thread model: posix]
  ignore line: [gcc version 4.8.1 20130725 (prerelease) (GCC) ]
  ignore line: [COMPILER_PATH=/usr/lib/gcc/x86_64-unknown-linux-gnu/4.8.1/:/usr/lib/gcc/x86_64-unknown-linux-gnu/4.8.1/:/usr/lib/gcc/x86_64-unknown-linux-gnu/:/usr/lib/gcc/x86_64-unknown-linux-gnu/4.8.1/:/usr/lib/gcc/x86_64-unknown-linux-gnu/]
  ignore line: [LIBRARY_PATH=/usr/lib/gcc/x86_64-unknown-linux-gnu/4.8.1/:/usr/lib/gcc/x86_64-unknown-linux-gnu/4.8.1/../../../../lib/:/lib/../lib/:/usr/lib/../lib/:/usr/lib/gcc/x86_64-unknown-linux-gnu/4.8.1/../../../:/lib/:/usr/lib/]
  ignore line: [COLLECT_GCC_OPTIONS='-v' '-o' 'cmTryCompileExec3550208022' '-rdynamic' '-shared-libgcc' '-mtune=generic' '-march=x86-64']
  link line: [ /usr/lib/gcc/x86_64-unknown-linux-gnu/4.8.1/collect2 --build-id --eh-frame-hdr --hash-style=gnu -m elf_x86_64 -export-dynamic -dynamic-linker /lib64/ld-linux-x86-64.so.2 -o cmTryCompileExec3550208022 /usr/lib/gcc/x86_64-unknown-linux-gnu/4.8.1/../../../../lib/crt1.o /usr/lib/gcc/x86_64-unknown-linux-gnu/4.8.1/../../../../lib/crti.o /usr/lib/gcc/x86_64-unknown-linux-gnu/4.8.1/crtbegin.o -L/usr/lib/gcc/x86_64-unknown-linux-gnu/4.8.1 -L/usr/lib/gcc/x86_64-unknown-linux-gnu/4.8.1/../../../../lib -L/lib/../lib -L/usr/lib/../lib -L/usr/lib/gcc/x86_64-unknown-linux-gnu/4.8.1/../../.. CMakeFiles/cmTryCompileExec3550208022.dir/CMakeCXXCompilerABI.cpp.o -lstdc++ -lm -lgcc_s -lgcc -lc -lgcc_s -lgcc /usr/lib/gcc/x86_64-unknown-linux-gnu/4.8.1/crtend.o /usr/lib/gcc/x86_64-unknown-linux-gnu/4.8.1/../../../../lib/crtn.o]
    arg [/usr/lib/gcc/x86_64-unknown-linux-gnu/4.8.1/collect2] ==> ignore
    arg [--build-id] ==> ignore
    arg [--eh-frame-hdr] ==> ignore
    arg [--hash-style=gnu] ==> ignore
    arg [-m] ==> ignore
    arg [elf_x86_64] ==> ignore
    arg [-export-dynamic] ==> ignore
    arg [-dynamic-linker] ==> ignore
    arg [/lib64/ld-linux-x86-64.so.2] ==> ignore
    arg [-o] ==> ignore
    arg [cmTryCompileExec3550208022] ==> ignore
    arg [/usr/lib/gcc/x86_64-unknown-linux-gnu/4.8.1/../../../../lib/crt1.o] ==> ignore
    arg [/usr/lib/gcc/x86_64-unknown-linux-gnu/4.8.1/../../../../lib/crti.o] ==> ignore
    arg [/usr/lib/gcc/x86_64-unknown-linux-gnu/4.8.1/crtbegin.o] ==> ignore
    arg [-L/usr/lib/gcc/x86_64-unknown-linux-gnu/4.8.1] ==> dir [/usr/lib/gcc/x86_64-unknown-linux-gnu/4.8.1]
    arg [-L/usr/lib/gcc/x86_64-unknown-linux-gnu/4.8.1/../../../../lib] ==> dir [/usr/lib/gcc/x86_64-unknown-linux-gnu/4.8.1/../../../../lib]
    arg [-L/lib/../lib] ==> dir [/lib/../lib]
    arg [-L/usr/lib/../lib] ==> dir [/usr/lib/../lib]
    arg [-L/usr/lib/gcc/x86_64-unknown-linux-gnu/4.8.1/../../..] ==> dir [/usr/lib/gcc/x86_64-unknown-linux-gnu/4.8.1/../../..]
    arg [CMakeFiles/cmTryCompileExec3550208022.dir/CMakeCXXCompilerABI.cpp.o] ==> ignore
    arg [-lstdc++] ==> lib [stdc++]
    arg [-lm] ==> lib [m]
    arg [-lgcc_s] ==> lib [gcc_s]
    arg [-lgcc] ==> lib [gcc]
    arg [-lc] ==> lib [c]
    arg [-lgcc_s] ==> lib [gcc_s]
    arg [-lgcc] ==> lib [gcc]
    arg [/usr/lib/gcc/x86_64-unknown-linux-gnu/4.8.1/crtend.o] ==> ignore
    arg [/usr/lib/gcc/x86_64-unknown-linux-gnu/4.8.1/../../../../lib/crtn.o] ==> ignore
  remove lib [gcc_s]
  remove lib [gcc]
  remove lib [gcc_s]
  remove lib [gcc]
  collapse library dir [/usr/lib/gcc/x86_64-unknown-linux-gnu/4.8.1] ==> [/usr/lib/gcc/x86_64-unknown-linux-gnu/4.8.1]
  collapse library dir [/usr/lib/gcc/x86_64-unknown-linux-gnu/4.8.1/../../../../lib] ==> [/usr/lib]
  collapse library dir [/lib/../lib] ==> [/lib]
  collapse library dir [/usr/lib/../lib] ==> [/usr/lib]
  collapse library dir [/usr/lib/gcc/x86_64-unknown-linux-gnu/4.8.1/../../..] ==> [/usr/lib]
  implicit libs: [stdc++;m;c]
  implicit dirs: [/usr/lib/gcc/x86_64-unknown-linux-gnu/4.8.1;/usr/lib;/lib]
  implicit fwks: []


Checking whether the ASM compiler is GNU using "--version" matched "(GNU assembler)|(GCC)|(Free Software Foundation)":
GNU assembler (GNU Binutils) 2.23.2
Copyright 2012 Free Software Foundation, Inc.
This program is free software; you may redistribute it under the terms of
the GNU General Public License version 3 or later.
This program has absolutely no warranty.
This assembler was configured for a target of `x86_64-unknown-linux-gnu'.
Determining if the include file sys/types.h exists passed with the following output:
Change Dir: /home/andrew/Dropbox/School/rcos/dr-vis/dynamorio/build/CMakeFiles/CMakeTmp

Run Build Command:/usr/bin/make "cmTryCompileExec1418798513/fast"
/usr/bin/make -f CMakeFiles/cmTryCompileExec1418798513.dir/build.make CMakeFiles/cmTryCompileExec1418798513.dir/build
make[1]: Entering directory `/home/andrew/Dropbox/School/rcos/dr-vis/dynamorio/build/CMakeFiles/CMakeTmp'
/usr/bin/cmake -E cmake_progress_report /home/andrew/Dropbox/School/rcos/dr-vis/dynamorio/build/CMakeFiles/CMakeTmp/CMakeFiles 1
Building C object CMakeFiles/cmTryCompileExec1418798513.dir/CheckIncludeFile.c.o
/usr/bin/cc    -o CMakeFiles/cmTryCompileExec1418798513.dir/CheckIncludeFile.c.o   -c /home/andrew/Dropbox/School/rcos/dr-vis/dynamorio/build/CMakeFiles/CMakeTmp/CheckIncludeFile.c
Linking C executable cmTryCompileExec1418798513
/usr/bin/cmake -E cmake_link_script CMakeFiles/cmTryCompileExec1418798513.dir/link.txt --verbose=1
/usr/bin/cc          CMakeFiles/cmTryCompileExec1418798513.dir/CheckIncludeFile.c.o  -o cmTryCompileExec1418798513 -rdynamic 
make[1]: Leaving directory `/home/andrew/Dropbox/School/rcos/dr-vis/dynamorio/build/CMakeFiles/CMakeTmp'


Determining if the include file stdint.h exists passed with the following output:
Change Dir: /home/andrew/Dropbox/School/rcos/dr-vis/dynamorio/build/CMakeFiles/CMakeTmp

Run Build Command:/usr/bin/make "cmTryCompileExec4218528094/fast"
/usr/bin/make -f CMakeFiles/cmTryCompileExec4218528094.dir/build.make CMakeFiles/cmTryCompileExec4218528094.dir/build
make[1]: Entering directory `/home/andrew/Dropbox/School/rcos/dr-vis/dynamorio/build/CMakeFiles/CMakeTmp'
/usr/bin/cmake -E cmake_progress_report /home/andrew/Dropbox/School/rcos/dr-vis/dynamorio/build/CMakeFiles/CMakeTmp/CMakeFiles 1
Building C object CMakeFiles/cmTryCompileExec4218528094.dir/CheckIncludeFile.c.o
/usr/bin/cc    -o CMakeFiles/cmTryCompileExec4218528094.dir/CheckIncludeFile.c.o   -c /home/andrew/Dropbox/School/rcos/dr-vis/dynamorio/build/CMakeFiles/CMakeTmp/CheckIncludeFile.c
Linking C executable cmTryCompileExec4218528094
/usr/bin/cmake -E cmake_link_script CMakeFiles/cmTryCompileExec4218528094.dir/link.txt --verbose=1
/usr/bin/cc          CMakeFiles/cmTryCompileExec4218528094.dir/CheckIncludeFile.c.o  -o cmTryCompileExec4218528094 -rdynamic 
make[1]: Leaving directory `/home/andrew/Dropbox/School/rcos/dr-vis/dynamorio/build/CMakeFiles/CMakeTmp'


Determining if the include file stddef.h exists passed with the following output:
Change Dir: /home/andrew/Dropbox/School/rcos/dr-vis/dynamorio/build/CMakeFiles/CMakeTmp

Run Build Command:/usr/bin/make "cmTryCompileExec901296795/fast"
/usr/bin/make -f CMakeFiles/cmTryCompileExec901296795.dir/build.make CMakeFiles/cmTryCompileExec901296795.dir/build
make[1]: Entering directory `/home/andrew/Dropbox/School/rcos/dr-vis/dynamorio/build/CMakeFiles/CMakeTmp'
/usr/bin/cmake -E cmake_progress_report /home/andrew/Dropbox/School/rcos/dr-vis/dynamorio/build/CMakeFiles/CMakeTmp/CMakeFiles 1
Building C object CMakeFiles/cmTryCompileExec901296795.dir/CheckIncludeFile.c.o
/usr/bin/cc    -o CMakeFiles/cmTryCompileExec901296795.dir/CheckIncludeFile.c.o   -c /home/andrew/Dropbox/School/rcos/dr-vis/dynamorio/build/CMakeFiles/CMakeTmp/CheckIncludeFile.c
Linking C executable cmTryCompileExec901296795
/usr/bin/cmake -E cmake_link_script CMakeFiles/cmTryCompileExec901296795.dir/link.txt --verbose=1
/usr/bin/cc          CMakeFiles/cmTryCompileExec901296795.dir/CheckIncludeFile.c.o  -o cmTryCompileExec901296795 -rdynamic 
make[1]: Leaving directory `/home/andrew/Dropbox/School/rcos/dr-vis/dynamorio/build/CMakeFiles/CMakeTmp'


Determining size of uint passed with the following output:
Change Dir: /home/andrew/Dropbox/School/rcos/dr-vis/dynamorio/build/CMakeFiles/CMakeTmp

Run Build Command:/usr/bin/make "cmTryCompileExec2502835804/fast"
/usr/bin/make -f CMakeFiles/cmTryCompileExec2502835804.dir/build.make CMakeFiles/cmTryCompileExec2502835804.dir/build
make[1]: Entering directory `/home/andrew/Dropbox/School/rcos/dr-vis/dynamorio/build/CMakeFiles/CMakeTmp'
/usr/bin/cmake -E cmake_progress_report /home/andrew/Dropbox/School/rcos/dr-vis/dynamorio/build/CMakeFiles/CMakeTmp/CMakeFiles 1
Building C object CMakeFiles/cmTryCompileExec2502835804.dir/DR_DO_NOT_DEFINE_uint.c.o
/usr/bin/cc    -o CMakeFiles/cmTryCompileExec2502835804.dir/DR_DO_NOT_DEFINE_uint.c.o   -c /home/andrew/Dropbox/School/rcos/dr-vis/dynamorio/build/CMakeFiles/CheckTypeSize/DR_DO_NOT_DEFINE_uint.c
Linking C executable cmTryCompileExec2502835804
/usr/bin/cmake -E cmake_link_script CMakeFiles/cmTryCompileExec2502835804.dir/link.txt --verbose=1
/usr/bin/cc          CMakeFiles/cmTryCompileExec2502835804.dir/DR_DO_NOT_DEFINE_uint.c.o  -o cmTryCompileExec2502835804 -rdynamic 
make[1]: Leaving directory `/home/andrew/Dropbox/School/rcos/dr-vis/dynamorio/build/CMakeFiles/CMakeTmp'


Determining size of ushort passed with the following output:
Change Dir: /home/andrew/Dropbox/School/rcos/dr-vis/dynamorio/build/CMakeFiles/CMakeTmp

Run Build Command:/usr/bin/make "cmTryCompileExec2653268976/fast"
/usr/bin/make -f CMakeFiles/cmTryCompileExec2653268976.dir/build.make CMakeFiles/cmTryCompileExec2653268976.dir/build
make[1]: Entering directory `/home/andrew/Dropbox/School/rcos/dr-vis/dynamorio/build/CMakeFiles/CMakeTmp'
/usr/bin/cmake -E cmake_progress_report /home/andrew/Dropbox/School/rcos/dr-vis/dynamorio/build/CMakeFiles/CMakeTmp/CMakeFiles 1
Building C object CMakeFiles/cmTryCompileExec2653268976.dir/DR_DO_NOT_DEFINE_ushort.c.o
/usr/bin/cc    -o CMakeFiles/cmTryCompileExec2653268976.dir/DR_DO_NOT_DEFINE_ushort.c.o   -c /home/andrew/Dropbox/School/rcos/dr-vis/dynamorio/build/CMakeFiles/CheckTypeSize/DR_DO_NOT_DEFINE_ushort.c
Linking C executable cmTryCompileExec2653268976
/usr/bin/cmake -E cmake_link_script CMakeFiles/cmTryCompileExec2653268976.dir/link.txt --verbose=1
/usr/bin/cc          CMakeFiles/cmTryCompileExec2653268976.dir/DR_DO_NOT_DEFINE_ushort.c.o  -o cmTryCompileExec2653268976 -rdynamic 
make[1]: Leaving directory `/home/andrew/Dropbox/School/rcos/dr-vis/dynamorio/build/CMakeFiles/CMakeTmp'


Determining size of _Bool passed with the following output:
Change Dir: /home/andrew/Dropbox/School/rcos/dr-vis/dynamorio/build/CMakeFiles/CMakeTmp

Run Build Command:/usr/bin/make "cmTryCompileExec2798807325/fast"
/usr/bin/make -f CMakeFiles/cmTryCompileExec2798807325.dir/build.make CMakeFiles/cmTryCompileExec2798807325.dir/build
make[1]: Entering directory `/home/andrew/Dropbox/School/rcos/dr-vis/dynamorio/build/CMakeFiles/CMakeTmp'
/usr/bin/cmake -E cmake_progress_report /home/andrew/Dropbox/School/rcos/dr-vis/dynamorio/build/CMakeFiles/CMakeTmp/CMakeFiles 1
Building C object CMakeFiles/cmTryCompileExec2798807325.dir/DR__Bool_EXISTS.c.o
/usr/bin/cc    -o CMakeFiles/cmTryCompileExec2798807325.dir/DR__Bool_EXISTS.c.o   -c /home/andrew/Dropbox/School/rcos/dr-vis/dynamorio/build/CMakeFiles/CheckTypeSize/DR__Bool_EXISTS.c
Linking C executable cmTryCompileExec2798807325
/usr/bin/cmake -E cmake_link_script CMakeFiles/cmTryCompileExec2798807325.dir/link.txt --verbose=1
/usr/bin/cc          CMakeFiles/cmTryCompileExec2798807325.dir/DR__Bool_EXISTS.c.o  -o cmTryCompileExec2798807325 -rdynamic 
make[1]: Leaving directory `/home/andrew/Dropbox/School/rcos/dr-vis/dynamorio/build/CMakeFiles/CMakeTmp'


Performing C SOURCE FILE Test no_stack_protector_avail succeded with the following output:
Change Dir: /home/andrew/Dropbox/School/rcos/dr-vis/dynamorio/build/CMakeFiles/CMakeTmp

Run Build Command:/usr/bin/make "cmTryCompileExec1394240589/fast"
/usr/bin/make -f CMakeFiles/cmTryCompileExec1394240589.dir/build.make CMakeFiles/cmTryCompileExec1394240589.dir/build
make[1]: Entering directory `/home/andrew/Dropbox/School/rcos/dr-vis/dynamorio/build/CMakeFiles/CMakeTmp'
/usr/bin/cmake -E cmake_progress_report /home/andrew/Dropbox/School/rcos/dr-vis/dynamorio/build/CMakeFiles/CMakeTmp/CMakeFiles 1
Building C object CMakeFiles/cmTryCompileExec1394240589.dir/src.c.o
/usr/bin/cc   -Dno_stack_protector_avail   -fno-stack-protector -o CMakeFiles/cmTryCompileExec1394240589.dir/src.c.o   -c /home/andrew/Dropbox/School/rcos/dr-vis/dynamorio/build/CMakeFiles/CMakeTmp/src.c
Linking C executable cmTryCompileExec1394240589
/usr/bin/cmake -E cmake_link_script CMakeFiles/cmTryCompileExec1394240589.dir/link.txt --verbose=1
/usr/bin/cc      -Dno_stack_protector_avail    CMakeFiles/cmTryCompileExec1394240589.dir/src.c.o  -o cmTryCompileExec1394240589 -rdynamic 
make[1]: Leaving directory `/home/andrew/Dropbox/School/rcos/dr-vis/dynamorio/build/CMakeFiles/CMakeTmp'

Source file was:
int main(void) { return 0; }
Performing C SOURCE FILE Test nounused_avail succeded with the following output:
Change Dir: /home/andrew/Dropbox/School/rcos/dr-vis/dynamorio/build/CMakeFiles/CMakeTmp

Run Build Command:/usr/bin/make "cmTryCompileExec2902290366/fast"
/usr/bin/make -f CMakeFiles/cmTryCompileExec2902290366.dir/build.make CMakeFiles/cmTryCompileExec2902290366.dir/build
make[1]: Entering directory `/home/andrew/Dropbox/School/rcos/dr-vis/dynamorio/build/CMakeFiles/CMakeTmp'
/usr/bin/cmake -E cmake_progress_report /home/andrew/Dropbox/School/rcos/dr-vis/dynamorio/build/CMakeFiles/CMakeTmp/CMakeFiles 1
Building C object CMakeFiles/cmTryCompileExec2902290366.dir/src.c.o
/usr/bin/cc   -Dnounused_avail   -Wno-unused-but-set-variable -o CMakeFiles/cmTryCompileExec2902290366.dir/src.c.o   -c /home/andrew/Dropbox/School/rcos/dr-vis/dynamorio/build/CMakeFiles/CMakeTmp/src.c
Linking C executable cmTryCompileExec2902290366
/usr/bin/cmake -E cmake_link_script CMakeFiles/cmTryCompileExec2902290366.dir/link.txt --verbose=1
/usr/bin/cc      -Dnounused_avail    CMakeFiles/cmTryCompileExec2902290366.dir/src.c.o  -o cmTryCompileExec2902290366 -rdynamic 
make[1]: Leaving directory `/home/andrew/Dropbox/School/rcos/dr-vis/dynamorio/build/CMakeFiles/CMakeTmp'

Source file was:
int main(void) { return 0; }
Performing C SOURCE FILE Test HAVE_FVISIBILITY_INTERNAL succeded with the following output:
Change Dir: /home/andrew/Dropbox/School/rcos/dr-vis/dynamorio/build/CMakeFiles/CMakeTmp

Run Build Command:/usr/bin/make "cmTryCompileExec2038704411/fast"
/usr/bin/make -f CMakeFiles/cmTryCompileExec2038704411.dir/build.make CMakeFiles/cmTryCompileExec2038704411.dir/build
make[1]: Entering directory `/home/andrew/Dropbox/School/rcos/dr-vis/dynamorio/build/CMakeFiles/CMakeTmp'
/usr/bin/cmake -E cmake_progress_report /home/andrew/Dropbox/School/rcos/dr-vis/dynamorio/build/CMakeFiles/CMakeTmp/CMakeFiles 1
Building C object CMakeFiles/cmTryCompileExec2038704411.dir/src.c.o
/usr/bin/cc   -DHAVE_FVISIBILITY_INTERNAL   -fvisibility=internal -o CMakeFiles/cmTryCompileExec2038704411.dir/src.c.o   -c /home/andrew/Dropbox/School/rcos/dr-vis/dynamorio/build/CMakeFiles/CMakeTmp/src.c
Linking C executable cmTryCompileExec2038704411
/usr/bin/cmake -E cmake_link_script CMakeFiles/cmTryCompileExec2038704411.dir/link.txt --verbose=1
/usr/bin/cc      -DHAVE_FVISIBILITY_INTERNAL    CMakeFiles/cmTryCompileExec2038704411.dir/src.c.o  -o cmTryCompileExec2038704411 -rdynamic 
make[1]: Leaving directory `/home/andrew/Dropbox/School/rcos/dr-vis/dynamorio/build/CMakeFiles/CMakeTmp'

Source file was:
int main(void) { return 0; }
Performing C SOURCE FILE Test HAVE_FVISIBILITY_HIDDEN succeded with the following output:
Change Dir: /home/andrew/Dropbox/School/rcos/dr-vis/dynamorio/build/CMakeFiles/CMakeTmp

Run Build Command:/usr/bin/make "cmTryCompileExec1024083581/fast"
/usr/bin/make -f CMakeFiles/cmTryCompileExec1024083581.dir/build.make CMakeFiles/cmTryCompileExec1024083581.dir/build
make[1]: Entering directory `/home/andrew/Dropbox/School/rcos/dr-vis/dynamorio/build/CMakeFiles/CMakeTmp'
/usr/bin/cmake -E cmake_progress_report /home/andrew/Dropbox/School/rcos/dr-vis/dynamorio/build/CMakeFiles/CMakeTmp/CMakeFiles 1
Building C object CMakeFiles/cmTryCompileExec1024083581.dir/src.c.o
/usr/bin/cc   -DHAVE_FVISIBILITY_HIDDEN   -fvisibility=hidden -o CMakeFiles/cmTryCompileExec1024083581.dir/src.c.o   -c /home/andrew/Dropbox/School/rcos/dr-vis/dynamorio/build/CMakeFiles/CMakeTmp/src.c
Linking C executable cmTryCompileExec1024083581
/usr/bin/cmake -E cmake_link_script CMakeFiles/cmTryCompileExec1024083581.dir/link.txt --verbose=1
/usr/bin/cc      -DHAVE_FVISIBILITY_HIDDEN    CMakeFiles/cmTryCompileExec1024083581.dir/src.c.o  -o cmTryCompileExec1024083581 -rdynamic 
make[1]: Leaving directory `/home/andrew/Dropbox/School/rcos/dr-vis/dynamorio/build/CMakeFiles/CMakeTmp'

Source file was:
int main(void) { return 0; }
